15:51:27.358 [main] INFO  com.business.Utilities.Base - chrome launched
15:51:35.573 [main] INFO  com.business.Utilities.Base - browser closed
15:55:54.022 [main] INFO  com.business.Utilities.Base - chrome launched
15:56:02.409 [main] INFO  com.business.Utilities.Base - browser closed
15:58:30.607 [TestNG-test=group Smoke-2] INFO  com.business.Utilities.Base - chrome launched
15:58:30.619 [TestNG-test=group Smoke-1] INFO  com.business.Utilities.Base - chrome launched
15:58:42.896 [TestNG-test=group Smoke-2] INFO  com.business.Utilities.Base - browser closed
15:58:45.280 [TestNG-test=group Smoke-2] INFO  com.business.Utilities.Base - chrome launched
15:58:45.797 [TestNG-test=group Smoke-1] INFO  com.business.Utilities.Base - browser closed
15:58:46.499 [TestNG-test=group Smoke-2] INFO  com.business.Utilities.Base - browser closed
15:58:49.100 [TestNG-test=group Smoke-2] INFO  com.business.Utilities.Base - chrome launched
15:58:50.166 [TestNG-test=group Smoke-2] INFO  com.business.Utilities.Base - browser closed
16:08:38.315 [main] INFO  com.business.Utilities.Base - chrome launched
16:08:46.284 [main] INFO  com.business.Utilities.Base - browser closed
17:00:54.583 [main] INFO  com.business.Utilities.Base - chrome launched
17:01:02.746 [main] INFO  com.business.Utilities.Base - browser closed
17:01:49.289 [main] INFO  com.business.Utilities.Base - chrome launched
17:01:57.385 [main] INFO  com.business.Utilities.Base - browser closed
17:09:02.115 [TestNG-test=Regression-1] INFO  com.business.Utilities.Base - chrome launched
17:09:09.770 [TestNG-test=Regression-1] INFO  com.business.Utilities.Base - browser closed
17:20:03.907 [TestNG-test=Regression-3] INFO  com.business.Utilities.Base - chrome launched
17:20:03.907 [TestNG-test=Regression-2] INFO  com.business.Utilities.Base - chrome launched
17:20:04.320 [TestNG-test=Regression-1] INFO  com.business.Utilities.Base - chrome launched
17:20:14.790 [TestNG-test=Regression-3] INFO  com.business.Tests.BrushUp - verified editbox contains given value
17:20:14.928 [TestNG-test=Regression-3] INFO  com.business.Utilities.Base - browser closed
17:20:22.810 [TestNG-test=Regression-3] INFO  com.business.Utilities.Base - chrome launched
17:20:26.442 [TestNG-test=Regression-1] INFO  com.business.Utilities.Base - browser closed
17:20:32.356 [TestNG-test=Regression-1] INFO  com.business.Utilities.Base - chrome launched
17:20:35.849 [TestNG-test=Regression-1] INFO  com.business.Tests.Actions_mouse - navigated to website
17:20:38.969 [TestNG-test=Regression-3] INFO  com.business.Utilities.Base - browser closed
17:20:40.895 [TestNG-test=Regression-1] INFO  com.business.Tests.Actions_mouse - switching to the frame
17:20:42.080 [TestNG-test=Regression-2] INFO  com.business.Utilities.Base - browser closed
17:20:42.729 [TestNG-test=Regression-3] INFO  com.business.Utilities.Base - chrome launched
17:20:43.306 [TestNG-test=Regression-1] INFO  com.business.Tests.Actions_mouse - dragging the element and dropping to drop field
17:20:43.345 [TestNG-test=Regression-1] INFO  com.business.Tests.Actions_mouse - waiting for confirmation text to be visible
17:20:43.391 [TestNG-test=Regression-1] INFO  com.business.Tests.Actions_mouse - element dropped 
17:20:43.510 [TestNG-test=Regression-1] INFO  com.business.Utilities.Base - browser closed
17:20:45.242 [TestNG-test=Regression-3] INFO  com.business.Utilities.Base - browser closed
17:20:46.203 [TestNG-test=Regression-2] INFO  com.business.Utilities.Base - chrome launched
17:20:47.726 [TestNG-test=Regression-1] INFO  com.business.Utilities.Base - chrome launched
17:20:53.743 [TestNG-test=Regression-3] INFO  com.business.Utilities.Base - chrome launched
17:21:08.399 [TestNG-test=Regression-3] INFO  com.business.Utilities.Base - browser closed
17:21:13.676 [TestNG-test=Regression-3] INFO  com.business.Utilities.Base - chrome launched
17:21:18.942 [TestNG-test=Regression-3] INFO  com.business.Utilities.Base - browser closed
17:21:20.382 [TestNG-test=Regression-2] INFO  com.business.Utilities.Base - browser closed
17:21:22.089 [TestNG-test=Regression-3] INFO  com.business.Utilities.Base - chrome launched
17:21:24.422 [TestNG-test=Regression-2] INFO  com.business.Utilities.Base - chrome launched
17:21:27.260 [TestNG-test=Regression-3] INFO  com.business.Utilities.Base - browser closed
17:21:29.667 [TestNG-test=Regression-3] INFO  com.business.Utilities.Base - chrome launched
17:21:34.188 [TestNG-test=Regression-3] INFO  com.business.Utilities.Base - browser closed
17:21:36.575 [TestNG-test=Regression-3] INFO  com.business.Utilities.Base - chrome launched
17:21:40.936 [TestNG-test=Regression-3] INFO  com.business.Utilities.Base - browser closed
17:21:41.844 [TestNG-test=Regression-1] INFO  com.business.Utilities.Base - browser closed
17:21:44.681 [TestNG-test=Regression-3] INFO  com.business.Utilities.Base - chrome launched
17:21:44.943 [TestNG-test=Regression-1] INFO  com.business.Utilities.Base - chrome launched
17:21:45.548 [TestNG-test=Regression-1] INFO  com.business.Tests.Actions_mouse - scrool down with alert class
17:21:51.862 [TestNG-test=Regression-1] INFO  com.business.Tests.Actions_mouse - scrool up with alert class
17:21:54.141 [TestNG-test=Regression-1] INFO  com.business.Utilities.Base - browser closed
17:21:56.525 [TestNG-test=Regression-1] INFO  com.business.Utilities.Base - chrome launched
17:21:56.767 [TestNG-test=Regression-1] INFO  com.business.Tests.Actions_mouse - navigating the amazon.com
17:21:59.843 [TestNG-test=Regression-1] INFO  com.business.Tests.Actions_mouse - entering text in Uppercase
17:22:02.853 [TestNG-test=Regression-1] INFO  com.business.Tests.Actions_mouse - Verifying text added in Uppercase
17:22:02.863 [TestNG-test=Regression-1] INFO  com.business.Tests.Actions_mouse - text passed in Uppercase
17:22:03.175 [TestNG-test=Regression-1] INFO  com.business.Utilities.Base - browser closed
17:22:03.796 [TestNG-test=Regression-3] INFO  com.business.Utilities.Base - browser closed
17:22:06.390 [TestNG-test=Regression-1] INFO  com.business.Utilities.Base - chrome launched
17:22:07.056 [TestNG-test=Regression-3] INFO  com.business.Utilities.Base - chrome launched
17:22:11.566 [TestNG-test=Regression-2] INFO  com.business.Utilities.Base - browser closed
17:22:14.106 [TestNG-test=Regression-2] INFO  com.business.Utilities.Base - chrome launched
17:22:14.259 [TestNG-test=Regression-2] INFO  com.business.Tests.Dropdown_Dynamic - Dynamic Dropdown testing
17:22:21.211 [TestNG-test=Regression-3] INFO  com.business.Utilities.Base - browser closed
17:22:22.443 [TestNG-test=Regression-1] INFO  com.business.Utilities.Base - browser closed
17:22:25.050 [TestNG-test=Regression-3] INFO  com.business.Utilities.Base - chrome launched
17:22:25.200 [TestNG-test=Regression-2] INFO  com.business.Tests.Dropdown_Dynamic - Chennai (MAA)
17:22:26.588 [TestNG-test=Regression-1] INFO  com.business.Utilities.Base - chrome launched
17:22:26.845 [TestNG-test=Regression-2] INFO  com.business.Tests.Dropdown_Dynamic - Delhi (DEL)
17:22:26.858 [TestNG-test=Regression-2] INFO  com.business.Tests.Dropdown_Dynamic - test passed
17:22:27.018 [TestNG-test=Regression-3] INFO  com.business.Utilities.Base - browser closed
17:22:27.320 [TestNG-test=Regression-2] INFO  com.business.Utilities.Base - browser closed
17:22:31.393 [TestNG-test=Regression-3] INFO  com.business.Utilities.Base - chrome launched
17:22:32.444 [TestNG-test=Regression-2] INFO  com.business.Utilities.Base - chrome launched
17:22:33.696 [TestNG-test=Regression-2] INFO  com.business.Utilities.Base - browser closed
17:22:36.841 [TestNG-test=Regression-2] INFO  com.business.Utilities.Base - chrome launched
17:22:38.339 [TestNG-test=Regression-2] INFO  com.business.Utilities.Base - browser closed
17:22:41.470 [TestNG-test=Regression-2] INFO  com.business.Utilities.Base - chrome launched
17:22:46.728 [TestNG-test=Regression-2] INFO  com.business.Utilities.Base - browser closed
17:22:49.105 [TestNG-test=Regression-2] INFO  com.business.Utilities.Base - chrome launched
17:22:50.960 [TestNG-test=Regression-2] INFO  com.business.Utilities.Base - browser closed
17:22:53.465 [TestNG-test=Regression-2] INFO  com.business.Utilities.Base - chrome launched
17:22:55.225 [TestNG-test=Regression-2] INFO  com.business.Utilities.Base - browser closed
17:23:05.056 [TestNG-test=Regression-3] INFO  com.business.Utilities.Base - browser closed
17:23:09.121 [TestNG-test=Regression-3] INFO  com.business.Utilities.Base - chrome launched
17:23:19.528 [TestNG-test=Regression-1] INFO  com.business.Utilities.Base - browser closed
17:23:22.502 [TestNG-test=Regression-2] INFO  com.business.Utilities.Base - chrome launched
17:23:22.552 [TestNG-test=Regression-1] INFO  com.business.Utilities.Base - chrome launched
17:23:26.844 [TestNG-test=Regression-2] INFO  com.business.Utilities.Base - browser closed
17:23:30.182 [TestNG-test=Regression-2] INFO  com.business.Utilities.Base - chrome launched
17:23:39.852 [TestNG-test=Regression-2] INFO  com.business.Utilities.Base - browser closed
17:23:40.234 [TestNG-test=Regression-1] INFO  com.business.Utilities.Base - browser closed
17:23:43.069 [TestNG-test=Regression-2] INFO  com.business.Utilities.Base - chrome launched
17:23:43.394 [TestNG-test=Regression-3] INFO  com.business.Utilities.Base - browser closed
17:23:43.633 [TestNG-test=Regression-1] INFO  com.business.Utilities.Base - chrome launched
17:23:45.318 [TestNG-test=Regression-1] INFO  com.business.Utilities.Base - browser closed
17:23:47.722 [TestNG-test=Regression-2] INFO  com.business.Utilities.Base - browser closed
17:23:48.749 [TestNG-test=Regression-3] INFO  com.business.Utilities.Base - chrome launched
17:23:50.969 [TestNG-test=Regression-1] INFO  com.business.Utilities.Base - chrome launched
17:23:51.648 [TestNG-test=Regression-2] INFO  com.business.Utilities.Base - chrome launched
17:23:52.658 [TestNG-test=Regression-1] INFO  com.business.Utilities.Base - browser closed
17:23:56.079 [TestNG-test=Regression-2] INFO  com.business.Utilities.Base - browser closed
17:23:57.531 [TestNG-test=Regression-1] INFO  com.business.Utilities.Base - chrome launched
17:23:59.892 [TestNG-test=Regression-2] INFO  com.business.Utilities.Base - chrome launched
17:24:09.526 [TestNG-test=Regression-2] INFO  com.business.Utilities.Base - browser closed
17:24:12.000 [TestNG-test=Regression-2] INFO  com.business.Utilities.Base - chrome launched
17:24:22.705 [TestNG-test=Regression-3] INFO  com.business.Utilities.Base - browser closed
17:24:32.894 [TestNG-test=Regression-1] INFO  com.business.Utilities.Base - browser closed
17:24:32.958 [TestNG-test=Regression-3] INFO  com.business.Utilities.Base - chrome launched
17:24:35.040 [TestNG-test=Regression-2] INFO  com.business.Utilities.Base - browser closed
17:24:39.292 [TestNG-test=Regression-1] INFO  com.business.Utilities.Base - chrome launched
17:24:39.737 [TestNG-test=Regression-2] INFO  com.business.Utilities.Base - chrome launched
17:24:45.598 [TestNG-test=Regression-3] INFO  com.business.Utilities.Base - browser closed
17:24:50.988 [TestNG-test=Regression-3] INFO  com.business.Utilities.Base - chrome launched
17:25:12.325 [TestNG-test=Regression-3] INFO  com.business.Utilities.Base - browser closed
17:25:19.792 [TestNG-test=Regression-3] INFO  com.business.Utilities.Base - chrome launched
17:25:20.483 [TestNG-test=Regression-2] INFO  com.business.Utilities.Base - browser closed
17:25:21.685 [TestNG-test=Regression-3] INFO  com.business.Tests.Popup_JS_with_Lof4J - navigated the website
17:25:21.776 [TestNG-test=Regression-3] INFO  com.business.Tests.Popup_JS_with_Lof4J - clicked text generating JS popup
17:25:22.802 [TestNG-test=Regression-3] INFO  com.business.Tests.Popup_JS_with_Lof4J - alert presents,alert text is: I am a JS Alert
17:25:24.807 [TestNG-test=Regression-3] INFO  com.business.Tests.Popup_JS_with_Lof4J - alert presents,alert dismissed
17:25:24.932 [TestNG-test=Regression-3] INFO  com.business.Utilities.Base - browser closed
17:25:25.313 [TestNG-test=Regression-2] INFO  com.business.Utilities.Base - chrome launched
17:25:26.705 [TestNG-test=Regression-2] INFO  com.business.Utilities.Base - browser closed
17:25:29.631 [TestNG-test=Regression-3] INFO  com.business.Utilities.Base - chrome launched
17:25:31.752 [TestNG-test=Regression-2] INFO  com.business.Utilities.Base - chrome launched
17:25:32.143 [TestNG-test=Regression-3] INFO  com.business.Utilities.Base - browser closed
17:25:35.085 [TestNG-test=Regression-2] INFO  com.business.Utilities.Base - browser closed
17:25:35.622 [TestNG-test=Regression-1] INFO  com.business.Utilities.Base - browser closed
17:25:39.668 [TestNG-test=Regression-2] INFO  com.business.Utilities.Base - chrome launched
17:25:40.631 [TestNG-test=Regression-1] INFO  com.business.Utilities.Base - chrome launched
17:25:45.119 [TestNG-test=Regression-1] INFO  com.business.Utilities.Base - browser closed
17:25:47.140 [TestNG-test=Regression-2] INFO  com.business.Utilities.Base - browser closed
17:25:47.479 [TestNG-test=Regression-1] INFO  com.business.Utilities.Base - chrome launched
17:25:50.546 [TestNG-test=Regression-2] INFO  com.business.Utilities.Base - chrome launched
17:25:52.509 [TestNG-test=Regression-1] INFO  com.business.Utilities.Base - browser closed
17:25:55.048 [TestNG-test=Regression-3] INFO  com.business.Utilities.Base - chrome launched
17:25:56.080 [TestNG-test=Regression-1] INFO  com.business.Utilities.Base - chrome launched
17:26:04.708 [TestNG-test=Regression-2] INFO  com.business.Utilities.Base - browser closed
17:26:07.260 [TestNG-test=Regression-2] INFO  com.business.Utilities.Base - chrome launched
17:26:17.157 [TestNG-test=Regression-2] INFO  com.business.Utilities.Base - browser closed
17:26:19.948 [TestNG-test=Regression-2] INFO  com.business.Utilities.Base - chrome launched
17:26:25.142 [TestNG-test=Regression-1] INFO  com.business.Utilities.Base - browser closed
17:26:26.922 [TestNG-test=Regression-2] INFO  com.business.Utilities.Base - browser closed
17:26:27.630 [TestNG-test=Regression-1] INFO  com.business.Utilities.Base - chrome launched
17:26:29.107 [TestNG-test=Regression-1] INFO  com.business.Tests.Tables_Static - Doe
17:26:29.127 [TestNG-test=Regression-1] INFO  com.business.Tests.Tables_Static - Jason
17:26:29.149 [TestNG-test=Regression-1] INFO  com.business.Tests.Tables_Static - jdoe@hotmail.com
17:26:29.170 [TestNG-test=Regression-1] INFO  com.business.Tests.Tables_Static - $100.00
17:26:29.191 [TestNG-test=Regression-1] INFO  com.business.Tests.Tables_Static - http://www.jdoe.com
17:26:29.350 [TestNG-test=Regression-1] INFO  com.business.Tests.Tables_Static - edit delete
17:26:29.423 [TestNG-test=Regression-1] INFO  com.business.Utilities.Base - browser closed
17:26:30.178 [TestNG-test=Regression-3] INFO  com.business.Utilities.Base - browser closed
17:26:30.483 [TestNG-test=Regression-2] INFO  com.business.Utilities.Base - chrome launched
17:26:33.749 [TestNG-test=Regression-1] INFO  com.business.Utilities.Base - chrome launched
17:26:35.242 [TestNG-test=Regression-3] INFO  com.business.Utilities.Base - chrome launched
17:26:35.693 [TestNG-test=Regression-1] INFO  com.business.Tests.Tables_Static - Smith
17:26:35.716 [TestNG-test=Regression-1] INFO  com.business.Tests.Tables_Static - John
17:26:35.731 [TestNG-test=Regression-1] INFO  com.business.Tests.Tables_Static - jsmith@gmail.com
17:26:35.747 [TestNG-test=Regression-1] INFO  com.business.Tests.Tables_Static - $50.00
17:26:35.761 [TestNG-test=Regression-1] INFO  com.business.Tests.Tables_Static - http://www.jsmith.com
17:26:35.778 [TestNG-test=Regression-1] INFO  com.business.Tests.Tables_Static - edit delete
17:26:35.791 [TestNG-test=Regression-1] INFO  com.business.Tests.Tables_Static - Bach
17:26:35.805 [TestNG-test=Regression-1] INFO  com.business.Tests.Tables_Static - Frank
17:26:35.818 [TestNG-test=Regression-1] INFO  com.business.Tests.Tables_Static - fbach@yahoo.com
17:26:35.831 [TestNG-test=Regression-1] INFO  com.business.Tests.Tables_Static - $51.00
17:26:35.873 [TestNG-test=Regression-1] INFO  com.business.Tests.Tables_Static - http://www.frank.com
17:26:35.888 [TestNG-test=Regression-1] INFO  com.business.Tests.Tables_Static - edit delete
17:26:35.905 [TestNG-test=Regression-1] INFO  com.business.Tests.Tables_Static - Doe
17:26:35.919 [TestNG-test=Regression-1] INFO  com.business.Tests.Tables_Static - Jason
17:26:35.941 [TestNG-test=Regression-1] INFO  com.business.Tests.Tables_Static - jdoe@hotmail.com
17:26:35.956 [TestNG-test=Regression-1] INFO  com.business.Tests.Tables_Static - $100.00
17:26:35.971 [TestNG-test=Regression-1] INFO  com.business.Tests.Tables_Static - http://www.jdoe.com
17:26:35.989 [TestNG-test=Regression-1] INFO  com.business.Tests.Tables_Static - edit delete
17:26:36.013 [TestNG-test=Regression-1] INFO  com.business.Tests.Tables_Static - Conway
17:26:36.082 [TestNG-test=Regression-1] INFO  com.business.Tests.Tables_Static - Tim
17:26:36.133 [TestNG-test=Regression-1] INFO  com.business.Tests.Tables_Static - tconway@earthlink.net
17:26:36.147 [TestNG-test=Regression-1] INFO  com.business.Tests.Tables_Static - $50.00
17:26:36.159 [TestNG-test=Regression-1] INFO  com.business.Tests.Tables_Static - http://www.timconway.com
17:26:36.173 [TestNG-test=Regression-1] INFO  com.business.Tests.Tables_Static - edit delete
17:26:36.275 [TestNG-test=Regression-1] INFO  com.business.Utilities.Base - browser closed
17:26:40.050 [TestNG-test=Regression-1] INFO  com.business.Utilities.Base - chrome launched
17:26:42.277 [TestNG-test=Regression-2] INFO  com.business.Utilities.Base - browser closed
17:26:42.524 [TestNG-test=Regression-1] INFO  com.business.Utilities.Base - browser closed
17:26:46.225 [TestNG-test=Regression-2] INFO  com.business.Utilities.Base - chrome launched
17:26:46.733 [TestNG-test=Regression-1] INFO  com.business.Utilities.Base - chrome launched
17:26:48.024 [TestNG-test=Regression-1] INFO  com.business.Tests.Tables_Static - Last Name
17:26:48.040 [TestNG-test=Regression-1] INFO  com.business.Tests.Tables_Static - First Name
17:26:48.064 [TestNG-test=Regression-1] INFO  com.business.Tests.Tables_Static - Email
17:26:48.083 [TestNG-test=Regression-1] INFO  com.business.Tests.Tables_Static - Due
17:26:48.097 [TestNG-test=Regression-1] INFO  com.business.Tests.Tables_Static - Web Site
17:26:48.112 [TestNG-test=Regression-1] INFO  com.business.Tests.Tables_Static - Action
17:26:48.195 [TestNG-test=Regression-1] INFO  com.business.Utilities.Base - browser closed
17:26:50.929 [TestNG-test=Regression-1] INFO  com.business.Utilities.Base - chrome launched
17:26:51.962 [TestNG-test=Regression-1] INFO  com.business.Tests.Tables_Static - Smith John jsmith@gmail.com $50.00 http://www.jsmith.com edit delete
17:26:51.982 [TestNG-test=Regression-1] INFO  com.business.Tests.Tables_Static - Bach Frank fbach@yahoo.com $51.00 http://www.frank.com edit delete
17:26:51.996 [TestNG-test=Regression-1] INFO  com.business.Tests.Tables_Static - Doe Jason jdoe@hotmail.com $100.00 http://www.jdoe.com edit delete
17:26:52.011 [TestNG-test=Regression-1] INFO  com.business.Tests.Tables_Static - Conway Tim tconway@earthlink.net $50.00 http://www.timconway.com edit delete
17:26:52.022 [TestNG-test=Regression-1] INFO  com.business.Tests.Tables_Static - Doe Jason jdoe@hotmail.com $100.00 http://www.jdoe.com edit delete
17:26:52.103 [TestNG-test=Regression-1] INFO  com.business.Utilities.Base - browser closed
17:26:54.406 [TestNG-test=Regression-3] INFO  com.business.Utilities.Base - browser closed
17:26:54.849 [TestNG-test=Regression-1] INFO  com.business.Utilities.Base - chrome launched
17:26:55.857 [TestNG-test=Regression-1] INFO  com.business.Tests.Tables_Static - John
17:26:55.883 [TestNG-test=Regression-1] INFO  com.business.Tests.Tables_Static - Frank
17:26:55.924 [TestNG-test=Regression-1] INFO  com.business.Tests.Tables_Static - Jason
17:26:56.233 [TestNG-test=Regression-1] INFO  com.business.Tests.Tables_Static - Tim
17:26:56.382 [TestNG-test=Regression-1] INFO  com.business.Utilities.Base - browser closed
17:26:57.467 [TestNG-test=Regression-3] INFO  com.business.Utilities.Base - chrome launched
17:26:59.225 [TestNG-test=Regression-2] INFO  com.business.Utilities.Base - browser closed
17:26:59.899 [TestNG-test=Regression-1] INFO  com.business.Utilities.Base - chrome launched
17:27:01.352 [TestNG-test=Regression-1] INFO  com.business.Tests.Tables_Static - Email
17:27:01.590 [TestNG-test=Regression-1] INFO  com.business.Utilities.Base - browser closed
17:27:02.599 [TestNG-test=Regression-2] INFO  com.business.Utilities.Base - chrome launched
17:27:02.908 [TestNG-test=Regression-3] INFO  com.business.Utilities.Base - browser closed
17:27:04.679 [TestNG-test=Regression-1] INFO  com.business.Utilities.Base - chrome launched
17:27:06.847 [TestNG-test=Regression-1] INFO  com.business.Utilities.Base - browser closed
17:27:06.935 [TestNG-test=Regression-3] INFO  com.business.Utilities.Base - chrome launched
17:27:10.000 [TestNG-test=Regression-1] INFO  com.business.Utilities.Base - chrome launched
17:27:10.713 [TestNG-test=Regression-2] INFO  com.business.Utilities.Base - browser closed
17:27:11.227 [TestNG-test=Regression-1] INFO  com.business.Utilities.Base - browser closed
17:27:12.071 [TestNG-test=Regression-3] INFO  com.business.Utilities.Base - browser closed
17:27:14.995 [TestNG-test=Regression-2] INFO  com.business.Utilities.Base - chrome launched
17:27:15.090 [TestNG-test=Regression-1] INFO  com.business.Utilities.Base - chrome launched
17:27:17.375 [TestNG-test=Regression-3] INFO  com.business.Utilities.Base - chrome launched
17:27:18.051 [TestNG-test=Regression-1] INFO  com.business.Utilities.Base - browser closed
17:27:24.882 [TestNG-test=Regression-3] INFO  com.business.Utilities.Base - browser closed
17:27:27.338 [TestNG-test=Regression-3] INFO  com.business.Utilities.Base - chrome launched
17:27:27.378 [TestNG-test=Regression-2] INFO  com.business.Utilities.Base - browser closed
17:27:30.088 [TestNG-test=Regression-2] INFO  com.business.Utilities.Base - chrome launched
17:27:33.648 [TestNG-test=Regression-3] INFO  com.business.Utilities.Base - browser closed
17:27:42.059 [TestNG-test=Regression-2] INFO  com.business.Utilities.Base - browser closed
17:27:44.453 [TestNG-test=Regression-2] INFO  com.business.Utilities.Base - chrome launched
17:27:59.393 [TestNG-test=Regression-2] INFO  com.business.Utilities.Base - browser closed
17:28:01.913 [TestNG-test=Regression-2] INFO  com.business.Utilities.Base - chrome launched
17:28:16.252 [TestNG-test=Regression-2] INFO  com.business.Utilities.Base - browser closed
17:28:18.517 [TestNG-test=Regression-2] INFO  com.business.Utilities.Base - chrome launched
17:28:28.151 [TestNG-test=Regression-2] INFO  com.business.Utilities.Base - browser closed
