20:03:37.865 [TestNG-test=Regression-3] INFO  com.business.Utilities.Base - chrome launched
20:03:37.865 [TestNG-test=Regression-1] INFO  com.business.Utilities.Base - chrome launched
20:03:37.864 [TestNG-test=Regression-2] INFO  com.business.Utilities.Base - chrome launched
20:03:50.182 [TestNG-test=Regression-3] INFO  com.business.Tests.BrushUp - verified editbox contains given value
20:03:50.501 [TestNG-test=Regression-3] INFO  com.business.Utilities.Base - browser closed
20:03:59.058 [TestNG-test=Regression-3] INFO  com.business.Utilities.Base - chrome launched
20:04:02.904 [TestNG-test=Regression-1] INFO  com.business.Utilities.Base - browser closed
20:04:09.265 [TestNG-test=Regression-1] INFO  com.business.Utilities.Base - chrome launched
20:04:14.651 [TestNG-test=Regression-1] INFO  com.business.Tests.Actions_mouse - navigated to website
20:04:19.158 [TestNG-test=Regression-3] INFO  com.business.Utilities.Base - browser closed
20:04:19.696 [TestNG-test=Regression-1] INFO  com.business.Tests.Actions_mouse - switching to the frame
20:04:22.052 [TestNG-test=Regression-1] INFO  com.business.Tests.Actions_mouse - dragging the element and dropping to drop field
20:04:22.100 [TestNG-test=Regression-1] INFO  com.business.Tests.Actions_mouse - waiting for confirmation text to be visible
20:04:22.120 [TestNG-test=Regression-1] INFO  com.business.Tests.Actions_mouse - element dropped 
20:04:22.291 [TestNG-test=Regression-1] INFO  com.business.Utilities.Base - browser closed
20:04:24.009 [TestNG-test=Regression-3] INFO  com.business.Utilities.Base - chrome launched
20:04:27.212 [TestNG-test=Regression-1] INFO  com.business.Utilities.Base - chrome launched
20:04:28.464 [TestNG-test=Regression-3] INFO  com.business.Utilities.Base - browser closed
20:04:34.209 [TestNG-test=Regression-3] INFO  com.business.Utilities.Base - chrome launched
20:05:23.657 [TestNG-test=Regression-1] INFO  com.business.Utilities.Base - browser closed
20:05:41.105 [TestNG-test=Regression-1] INFO  com.business.Utilities.Base - chrome launched
20:05:43.582 [TestNG-test=Regression-3] INFO  com.business.Utilities.Base - browser closed
20:05:44.848 [TestNG-test=Regression-1] INFO  com.business.Tests.Actions_mouse - scrool down with alert class
20:05:51.365 [TestNG-test=Regression-3] INFO  com.business.Utilities.Base - chrome launched
20:05:57.777 [TestNG-test=Regression-1] INFO  com.business.Tests.Actions_mouse - scrool up with alert class
20:05:59.663 [TestNG-test=Regression-3] INFO  com.business.Utilities.Base - browser closed
20:06:03.447 [TestNG-test=Regression-1] INFO  com.business.Utilities.Base - browser closed
20:06:04.707 [TestNG-test=Regression-3] INFO  com.business.Utilities.Base - chrome launched
20:06:07.929 [TestNG-test=Regression-1] INFO  com.business.Utilities.Base - chrome launched
20:06:08.892 [TestNG-test=Regression-1] INFO  com.business.Tests.Actions_mouse - navigating the amazon.com
20:06:11.954 [TestNG-test=Regression-3] INFO  com.business.Utilities.Base - browser closed
20:06:15.694 [TestNG-test=Regression-1] INFO  com.business.Tests.Actions_mouse - entering text in Uppercase
20:06:18.125 [TestNG-test=Regression-3] INFO  com.business.Utilities.Base - chrome launched
20:06:19.746 [TestNG-test=Regression-1] INFO  com.business.Tests.Actions_mouse - Verifying text added in Uppercase
20:06:19.760 [TestNG-test=Regression-1] INFO  com.business.Tests.Actions_mouse - text passed in Uppercase
20:06:20.138 [TestNG-test=Regression-1] INFO  com.business.Utilities.Base - browser closed
20:06:25.196 [TestNG-test=Regression-3] INFO  com.business.Utilities.Base - browser closed
20:06:25.938 [TestNG-test=Regression-1] INFO  com.business.Utilities.Base - chrome launched
20:06:31.798 [TestNG-test=Regression-3] INFO  com.business.Utilities.Base - chrome launched
20:06:37.343 [TestNG-test=Regression-3] INFO  com.business.Utilities.Base - browser closed
20:06:40.574 [TestNG-test=Regression-3] INFO  com.business.Utilities.Base - chrome launched
20:06:45.650 [TestNG-test=Regression-3] INFO  com.business.Utilities.Base - browser closed
20:06:49.084 [TestNG-test=Regression-3] INFO  com.business.Utilities.Base - chrome launched
20:07:08.679 [TestNG-test=Regression-3] INFO  com.business.Utilities.Base - browser closed
20:07:14.103 [TestNG-test=Regression-3] INFO  com.business.Utilities.Base - chrome launched
20:07:31.667 [TestNG-test=Regression-3] INFO  com.business.Utilities.Base - browser closed
20:07:35.508 [TestNG-test=Regression-3] INFO  com.business.Utilities.Base - chrome launched
20:07:38.271 [TestNG-test=Regression-1] INFO  com.business.Utilities.Base - browser closed
20:07:41.533 [TestNG-test=Regression-1] INFO  com.business.Utilities.Base - chrome launched
20:07:41.720 [TestNG-test=Regression-1] INFO  com.business.Tests.Dropdown_Dynamic - Dynamic Dropdown testing
20:07:54.357 [TestNG-test=Regression-3] INFO  com.business.Utilities.Base - browser closed
20:07:58.155 [TestNG-test=Regression-1] INFO  com.business.Tests.Dropdown_Dynamic - Chennai (MAA)
20:08:00.542 [TestNG-test=Regression-3] INFO  com.business.Utilities.Base - chrome launched
20:08:00.598 [TestNG-test=Regression-1] INFO  com.business.Tests.Dropdown_Dynamic - Delhi (DEL)
20:08:00.674 [TestNG-test=Regression-1] INFO  com.business.Tests.Dropdown_Dynamic - test passed
20:08:01.304 [TestNG-test=Regression-1] INFO  com.business.Utilities.Base - browser closed
20:08:05.060 [TestNG-test=Regression-3] INFO  com.business.Utilities.Base - browser closed
20:08:06.511 [TestNG-test=Regression-1] INFO  com.business.Utilities.Base - chrome launched
20:08:12.883 [TestNG-test=Regression-3] INFO  com.business.Utilities.Base - chrome launched
20:08:46.792 [TestNG-test=Regression-3] INFO  com.business.Utilities.Base - browser closed
20:08:51.564 [TestNG-test=Regression-3] INFO  com.business.Utilities.Base - chrome launched
20:09:06.866 [TestNG-test=Regression-1] INFO  com.business.Utilities.Base - browser closed
20:09:10.504 [TestNG-test=Regression-1] INFO  com.business.Utilities.Base - chrome launched
20:09:12.321 [TestNG-test=Regression-1] INFO  com.business.Utilities.Base - browser closed
20:09:15.952 [TestNG-test=Regression-1] INFO  com.business.Utilities.Base - chrome launched
20:09:18.053 [TestNG-test=Regression-1] INFO  com.business.Utilities.Base - browser closed
20:09:21.650 [TestNG-test=Regression-1] INFO  com.business.Utilities.Base - chrome launched
20:09:24.841 [TestNG-test=Regression-3] INFO  com.business.Utilities.Base - browser closed
20:09:27.108 [TestNG-test=Regression-1] INFO  com.business.Utilities.Base - browser closed
20:09:28.921 [TestNG-test=Regression-3] INFO  com.business.Utilities.Base - chrome launched
20:09:32.148 [TestNG-test=Regression-1] INFO  com.business.Utilities.Base - chrome launched
20:09:36.626 [TestNG-test=Regression-1] INFO  com.business.Utilities.Base - browser closed
20:09:40.687 [TestNG-test=Regression-1] INFO  com.business.Utilities.Base - chrome launched
20:09:45.173 [TestNG-test=Regression-1] INFO  com.business.Utilities.Base - browser closed
20:10:04.872 [TestNG-test=Regression-3] INFO  com.business.Utilities.Base - browser closed
20:10:13.581 [TestNG-test=Regression-3] INFO  com.business.Utilities.Base - chrome launched
20:10:19.833 [TestNG-test=Regression-1] INFO  com.business.Utilities.Base - chrome launched
20:10:21.000 [TestNG-test=Regression-3] INFO  com.business.Utilities.Base - browser closed
20:10:25.857 [TestNG-test=Regression-3] INFO  com.business.Utilities.Base - chrome launched
20:10:36.198 [TestNG-test=Regression-3] INFO  com.business.Utilities.Base - browser closed
20:10:36.496 [TestNG-test=Regression-1] INFO  com.business.Utilities.Base - browser closed
20:10:41.867 [TestNG-test=Regression-3] INFO  com.business.Utilities.Base - chrome launched
20:10:42.938 [TestNG-test=Regression-1] INFO  com.business.Utilities.Base - chrome launched
20:10:45.391 [TestNG-test=Regression-3] INFO  com.business.Utilities.Base - browser closed
20:10:46.661 [TestNG-test=Regression-1] INFO  com.business.Utilities.Base - browser closed
20:10:50.535 [TestNG-test=Regression-3] INFO  com.business.Utilities.Base - chrome launched
20:10:51.091 [TestNG-test=Regression-1] INFO  com.business.Utilities.Base - chrome launched
20:10:55.092 [TestNG-test=Regression-1] INFO  com.business.Utilities.Base - browser closed
20:10:57.406 [TestNG-test=Regression-3] INFO  com.business.Utilities.Base - browser closed
20:10:59.663 [TestNG-test=Regression-1] INFO  com.business.Utilities.Base - chrome launched
20:11:04.157 [TestNG-test=Regression-3] INFO  com.business.Utilities.Base - chrome launched
20:11:16.012 [TestNG-test=Regression-3] INFO  com.business.Utilities.Base - browser closed
20:11:19.729 [TestNG-test=Regression-3] INFO  com.business.Utilities.Base - chrome launched
20:11:34.696 [TestNG-test=Regression-1] INFO  com.business.Utilities.Base - browser closed
20:11:46.575 [TestNG-test=Regression-3] INFO  com.business.Utilities.Base - browser closed
20:11:50.797 [TestNG-test=Regression-1] INFO  com.business.Utilities.Base - chrome launched
20:11:53.718 [TestNG-test=Regression-3] INFO  com.business.Utilities.Base - chrome launched
20:12:04.052 [TestNG-test=Regression-2] INFO  com.business.Utilities.Base - browser closed
20:12:08.282 [TestNG-test=Regression-2] INFO  com.business.Utilities.Base - chrome launched
20:12:23.628 [TestNG-test=Regression-1] INFO  com.business.Utilities.Base - browser closed
20:12:30.982 [TestNG-test=Regression-1] INFO  com.business.Utilities.Base - chrome launched
20:12:43.777 [TestNG-test=Regression-1] INFO  com.business.Utilities.Base - browser closed
20:12:48.218 [TestNG-test=Regression-1] INFO  com.business.Utilities.Base - chrome launched
20:12:49.831 [TestNG-test=Regression-1] INFO  com.business.Tests.Popup_JS_with_Lof4J - navigated the website
20:12:50.947 [TestNG-test=Regression-1] INFO  com.business.Tests.Popup_JS_with_Lof4J - clicked text generating JS popup
20:12:51.970 [TestNG-test=Regression-1] INFO  com.business.Tests.Popup_JS_with_Lof4J - alert presents,alert text is: I am a JS Alert
20:12:53.984 [TestNG-test=Regression-1] INFO  com.business.Tests.Popup_JS_with_Lof4J - alert presents,alert dismissed
20:12:54.320 [TestNG-test=Regression-1] INFO  com.business.Utilities.Base - browser closed
20:12:56.549 [TestNG-test=Regression-3] INFO  com.business.Utilities.Base - browser closed
20:12:58.289 [TestNG-test=Regression-2] INFO  com.business.Utilities.Base - browser closed
20:13:01.475 [TestNG-test=Regression-1] INFO  com.business.Utilities.Base - chrome launched
20:13:03.631 [TestNG-test=Regression-3] INFO  com.business.Utilities.Base - chrome launched
20:13:03.664 [TestNG-test=Regression-2] INFO  com.business.Utilities.Base - chrome launched
20:13:04.876 [TestNG-test=Regression-1] INFO  com.business.Utilities.Base - browser closed
20:13:07.386 [TestNG-test=Regression-2] INFO  com.business.Utilities.Base - browser closed
20:13:09.461 [TestNG-test=Regression-3] INFO  com.business.Utilities.Base - browser closed
20:13:10.374 [TestNG-test=Regression-2] INFO  com.business.Utilities.Base - chrome launched
20:13:14.005 [TestNG-test=Regression-3] INFO  com.business.Utilities.Base - chrome launched
20:13:18.120 [TestNG-test=Regression-2] INFO  com.business.Utilities.Base - browser closed
20:13:19.705 [TestNG-test=Regression-3] INFO  com.business.Utilities.Base - browser closed
20:13:21.133 [TestNG-test=Regression-2] INFO  com.business.Utilities.Base - chrome launched
20:13:23.584 [TestNG-test=Regression-3] INFO  com.business.Utilities.Base - chrome launched
20:13:26.532 [TestNG-test=Regression-1] INFO  com.business.Utilities.Base - chrome launched
20:13:30.857 [TestNG-test=Regression-3] INFO  com.business.Utilities.Base - browser closed
20:13:34.250 [TestNG-test=Regression-3] INFO  com.business.Utilities.Base - chrome launched
20:13:37.515 [TestNG-test=Regression-2] INFO  com.business.Utilities.Base - browser closed
20:13:40.348 [TestNG-test=Regression-2] INFO  com.business.Utilities.Base - chrome launched
20:13:50.800 [TestNG-test=Regression-2] INFO  com.business.Utilities.Base - browser closed
20:13:53.526 [TestNG-test=Regression-3] INFO  com.business.Utilities.Base - browser closed
20:13:54.292 [TestNG-test=Regression-2] INFO  com.business.Utilities.Base - chrome launched
20:13:56.445 [TestNG-test=Regression-3] INFO  com.business.Utilities.Base - chrome launched
20:13:57.356 [TestNG-test=Regression-3] INFO  com.business.Tests.Tables_Static - Doe
20:13:57.377 [TestNG-test=Regression-3] INFO  com.business.Tests.Tables_Static - Jason
20:13:57.402 [TestNG-test=Regression-3] INFO  com.business.Tests.Tables_Static - jdoe@hotmail.com
20:13:57.418 [TestNG-test=Regression-3] INFO  com.business.Tests.Tables_Static - $100.00
20:13:57.435 [TestNG-test=Regression-3] INFO  com.business.Tests.Tables_Static - http://www.jdoe.com
20:13:57.455 [TestNG-test=Regression-3] INFO  com.business.Tests.Tables_Static - edit delete
20:13:57.588 [TestNG-test=Regression-3] INFO  com.business.Utilities.Base - browser closed
20:13:59.897 [TestNG-test=Regression-3] INFO  com.business.Utilities.Base - chrome launched
20:14:00.717 [TestNG-test=Regression-3] INFO  com.business.Tests.Tables_Static - Smith
20:14:00.731 [TestNG-test=Regression-3] INFO  com.business.Tests.Tables_Static - John
20:14:00.742 [TestNG-test=Regression-3] INFO  com.business.Tests.Tables_Static - jsmith@gmail.com
20:14:00.752 [TestNG-test=Regression-3] INFO  com.business.Tests.Tables_Static - $50.00
20:14:00.765 [TestNG-test=Regression-3] INFO  com.business.Tests.Tables_Static - http://www.jsmith.com
20:14:00.780 [TestNG-test=Regression-3] INFO  com.business.Tests.Tables_Static - edit delete
20:14:00.790 [TestNG-test=Regression-3] INFO  com.business.Tests.Tables_Static - Bach
20:14:00.800 [TestNG-test=Regression-3] INFO  com.business.Tests.Tables_Static - Frank
20:14:00.813 [TestNG-test=Regression-3] INFO  com.business.Tests.Tables_Static - fbach@yahoo.com
20:14:00.825 [TestNG-test=Regression-3] INFO  com.business.Tests.Tables_Static - $51.00
20:14:00.837 [TestNG-test=Regression-3] INFO  com.business.Tests.Tables_Static - http://www.frank.com
20:14:00.847 [TestNG-test=Regression-3] INFO  com.business.Tests.Tables_Static - edit delete
20:14:00.857 [TestNG-test=Regression-3] INFO  com.business.Tests.Tables_Static - Doe
20:14:00.869 [TestNG-test=Regression-3] INFO  com.business.Tests.Tables_Static - Jason
20:14:00.881 [TestNG-test=Regression-3] INFO  com.business.Tests.Tables_Static - jdoe@hotmail.com
20:14:00.892 [TestNG-test=Regression-3] INFO  com.business.Tests.Tables_Static - $100.00
20:14:00.902 [TestNG-test=Regression-3] INFO  com.business.Tests.Tables_Static - http://www.jdoe.com
20:14:00.914 [TestNG-test=Regression-3] INFO  com.business.Tests.Tables_Static - edit delete
20:14:00.925 [TestNG-test=Regression-3] INFO  com.business.Tests.Tables_Static - Conway
20:14:00.936 [TestNG-test=Regression-3] INFO  com.business.Tests.Tables_Static - Tim
20:14:00.946 [TestNG-test=Regression-3] INFO  com.business.Tests.Tables_Static - tconway@earthlink.net
20:14:00.959 [TestNG-test=Regression-3] INFO  com.business.Tests.Tables_Static - $50.00
20:14:00.973 [TestNG-test=Regression-3] INFO  com.business.Tests.Tables_Static - http://www.timconway.com
20:14:00.986 [TestNG-test=Regression-3] INFO  com.business.Tests.Tables_Static - edit delete
20:14:01.079 [TestNG-test=Regression-3] INFO  com.business.Utilities.Base - browser closed
20:14:02.027 [TestNG-test=Regression-2] INFO  com.business.Utilities.Base - browser closed
20:14:02.337 [TestNG-test=Regression-1] INFO  com.business.Utilities.Base - browser closed
20:14:04.420 [TestNG-test=Regression-3] INFO  com.business.Utilities.Base - chrome launched
20:14:06.399 [TestNG-test=Regression-2] INFO  com.business.Utilities.Base - chrome launched
20:14:06.600 [TestNG-test=Regression-1] INFO  com.business.Utilities.Base - chrome launched
20:14:09.121 [TestNG-test=Regression-3] INFO  com.business.Utilities.Base - browser closed
20:14:14.105 [TestNG-test=Regression-3] INFO  com.business.Utilities.Base - chrome launched
20:14:16.999 [TestNG-test=Regression-3] INFO  com.business.Tests.Tables_Static - Last Name
20:14:17.021 [TestNG-test=Regression-3] INFO  com.business.Tests.Tables_Static - First Name
20:14:17.041 [TestNG-test=Regression-3] INFO  com.business.Tests.Tables_Static - Email
20:14:17.063 [TestNG-test=Regression-3] INFO  com.business.Tests.Tables_Static - Due
20:14:17.081 [TestNG-test=Regression-3] INFO  com.business.Tests.Tables_Static - Web Site
20:14:17.103 [TestNG-test=Regression-3] INFO  com.business.Tests.Tables_Static - Action
20:14:17.354 [TestNG-test=Regression-3] INFO  com.business.Utilities.Base - browser closed
20:14:19.383 [TestNG-test=Regression-2] INFO  com.business.Utilities.Base - browser closed
20:14:20.926 [TestNG-test=Regression-3] INFO  com.business.Utilities.Base - chrome launched
20:14:23.353 [TestNG-test=Regression-3] INFO  com.business.Tests.Tables_Static - Smith John jsmith@gmail.com $50.00 http://www.jsmith.com edit delete
20:14:23.395 [TestNG-test=Regression-3] INFO  com.business.Tests.Tables_Static - Bach Frank fbach@yahoo.com $51.00 http://www.frank.com edit delete
20:14:23.507 [TestNG-test=Regression-2] INFO  com.business.Utilities.Base - chrome launched
20:14:23.550 [TestNG-test=Regression-3] INFO  com.business.Tests.Tables_Static - Doe Jason jdoe@hotmail.com $100.00 http://www.jdoe.com edit delete
20:14:23.644 [TestNG-test=Regression-3] INFO  com.business.Tests.Tables_Static - Conway Tim tconway@earthlink.net $50.00 http://www.timconway.com edit delete
20:14:23.659 [TestNG-test=Regression-3] INFO  com.business.Tests.Tables_Static - Doe Jason jdoe@hotmail.com $100.00 http://www.jdoe.com edit delete
20:14:23.799 [TestNG-test=Regression-3] INFO  com.business.Utilities.Base - browser closed
20:14:26.157 [TestNG-test=Regression-1] INFO  com.business.Utilities.Base - browser closed
20:14:27.440 [TestNG-test=Regression-3] INFO  com.business.Utilities.Base - chrome launched
20:14:29.186 [TestNG-test=Regression-3] INFO  com.business.Tests.Tables_Static - John
20:14:29.206 [TestNG-test=Regression-3] INFO  com.business.Tests.Tables_Static - Frank
20:14:29.231 [TestNG-test=Regression-3] INFO  com.business.Tests.Tables_Static - Jason
20:14:29.258 [TestNG-test=Regression-3] INFO  com.business.Tests.Tables_Static - Tim
20:14:29.377 [TestNG-test=Regression-3] INFO  com.business.Utilities.Base - browser closed
20:14:29.903 [TestNG-test=Regression-1] INFO  com.business.Utilities.Base - chrome launched
20:14:32.717 [TestNG-test=Regression-3] INFO  com.business.Utilities.Base - chrome launched
20:14:33.542 [TestNG-test=Regression-3] INFO  com.business.Tests.Tables_Static - Email
20:14:33.683 [TestNG-test=Regression-3] INFO  com.business.Utilities.Base - browser closed
20:14:35.180 [TestNG-test=Regression-1] INFO  com.business.Utilities.Base - browser closed
20:14:36.226 [TestNG-test=Regression-3] INFO  com.business.Utilities.Base - chrome launched
20:14:37.878 [TestNG-test=Regression-3] INFO  com.business.Utilities.Base - browser closed
20:14:38.189 [TestNG-test=Regression-2] INFO  com.business.Utilities.Base - browser closed
20:14:38.682 [TestNG-test=Regression-1] INFO  com.business.Utilities.Base - chrome launched
20:14:41.376 [TestNG-test=Regression-3] INFO  com.business.Utilities.Base - chrome launched
20:14:42.339 [TestNG-test=Regression-2] INFO  com.business.Utilities.Base - chrome launched
20:14:43.505 [TestNG-test=Regression-3] INFO  com.business.Utilities.Base - browser closed
20:14:45.954 [TestNG-test=Regression-1] INFO  com.business.Utilities.Base - browser closed
20:14:46.187 [TestNG-test=Regression-3] INFO  com.business.Utilities.Base - chrome launched
20:14:49.609 [TestNG-test=Regression-3] INFO  com.business.Utilities.Base - browser closed
20:14:50.158 [TestNG-test=Regression-1] INFO  com.business.Utilities.Base - chrome launched
20:14:51.458 [TestNG-test=Regression-2] INFO  com.business.Utilities.Base - browser closed
20:14:53.717 [TestNG-test=Regression-2] INFO  com.business.Utilities.Base - chrome launched
20:14:56.506 [TestNG-test=Regression-1] INFO  com.business.Utilities.Base - browser closed
20:14:58.843 [TestNG-test=Regression-1] INFO  com.business.Utilities.Base - chrome launched
20:15:04.013 [TestNG-test=Regression-2] INFO  com.business.Utilities.Base - browser closed
20:15:05.403 [TestNG-test=Regression-1] INFO  com.business.Utilities.Base - browser closed
20:15:06.563 [TestNG-test=Regression-2] INFO  com.business.Utilities.Base - chrome launched
20:15:17.479 [TestNG-test=Regression-2] INFO  com.business.Utilities.Base - browser closed
20:15:19.824 [TestNG-test=Regression-2] INFO  com.business.Utilities.Base - chrome launched
20:15:33.735 [TestNG-test=Regression-2] INFO  com.business.Utilities.Base - browser closed
20:15:36.489 [TestNG-test=Regression-2] INFO  com.business.Utilities.Base - chrome launched
20:15:47.197 [TestNG-test=Regression-2] INFO  com.business.Utilities.Base - browser closed
20:15:49.532 [TestNG-test=Regression-2] INFO  com.business.Utilities.Base - chrome launched
20:15:59.277 [TestNG-test=Regression-2] INFO  com.business.Utilities.Base - browser closed
20:58:59.689 [TestNG-test=group Smoke-1] INFO  com.business.Utilities.Base - chrome launched
20:58:59.689 [TestNG-test=group Smoke-2] INFO  com.business.Utilities.Base - chrome launched
20:59:11.700 [TestNG-test=group Smoke-2] INFO  com.business.Utilities.Base - browser closed
20:59:14.239 [TestNG-test=group Smoke-1] INFO  com.business.Utilities.Base - browser closed
20:59:15.055 [TestNG-test=group Smoke-2] INFO  com.business.Utilities.Base - chrome launched
20:59:16.039 [TestNG-test=group Smoke-2] INFO  com.business.Utilities.Base - browser closed
20:59:18.720 [TestNG-test=group Smoke-2] INFO  com.business.Utilities.Base - chrome launched
20:59:19.967 [TestNG-test=group Smoke-2] INFO  com.business.Utilities.Base - browser closed
21:04:48.810 [TestNG-test=Regression groups-2] INFO  com.business.Utilities.Base - chrome launched
21:04:48.810 [TestNG-test=Regression groups-1] INFO  com.business.Utilities.Base - chrome launched
21:04:48.810 [TestNG-test=Regression groups-3] INFO  com.business.Utilities.Base - chrome launched
21:05:05.481 [TestNG-test=Regression groups-2] INFO  com.business.Utilities.Base - browser closed
21:05:09.732 [TestNG-test=Regression groups-2] INFO  com.business.Utilities.Base - chrome launched
21:05:10.295 [TestNG-test=Regression groups-1] INFO  com.business.Utilities.Base - browser closed
21:05:11.251 [TestNG-test=Regression groups-3] INFO  com.business.Utilities.Base - browser closed
21:05:11.584 [TestNG-test=Regression groups-2] INFO  com.business.Utilities.Base - browser closed
21:05:14.517 [TestNG-test=Regression groups-1] INFO  com.business.Utilities.Base - chrome launched
21:05:15.062 [TestNG-test=Regression groups-2] INFO  com.business.Utilities.Base - chrome launched
21:05:16.367 [TestNG-test=Regression groups-2] INFO  com.business.Utilities.Base - browser closed
21:05:33.198 [TestNG-test=Regression groups-1] INFO  com.business.Utilities.Base - browser closed
21:08:16.975 [TestNG-test=Parallel classes-2] INFO  com.business.Utilities.Base - chrome launched
21:08:16.975 [TestNG-test=Parallel classes-3] INFO  com.business.Utilities.Base - chrome launched
21:08:16.975 [TestNG-test=Parallel classes-1] INFO  com.business.Utilities.Base - chrome launched
21:08:19.377 [TestNG-test=Parallel classes-1] INFO  com.business.Tests.Tables_Static - Doe
21:08:19.436 [TestNG-test=Parallel classes-1] INFO  com.business.Tests.Tables_Static - Jason
21:08:19.473 [TestNG-test=Parallel classes-1] INFO  com.business.Tests.Tables_Static - jdoe@hotmail.com
21:08:19.630 [TestNG-test=Parallel classes-1] INFO  com.business.Tests.Tables_Static - $100.00
21:08:19.683 [TestNG-test=Parallel classes-1] INFO  com.business.Tests.Tables_Static - http://www.jdoe.com
21:08:19.713 [TestNG-test=Parallel classes-1] INFO  com.business.Tests.Tables_Static - edit delete
21:08:20.084 [TestNG-test=Parallel classes-1] INFO  com.business.Utilities.Base - browser closed
21:08:21.100 [TestNG-test=Parallel classes-2] INFO  com.business.Utilities.Base - browser closed
21:08:23.694 [TestNG-test=Parallel classes-1] INFO  com.business.Utilities.Base - chrome launched
21:08:24.695 [TestNG-test=Parallel classes-1] INFO  com.business.Tests.Tables_Static - Smith
21:08:24.776 [TestNG-test=Parallel classes-1] INFO  com.business.Tests.Tables_Static - John
21:08:24.788 [TestNG-test=Parallel classes-1] INFO  com.business.Tests.Tables_Static - jsmith@gmail.com
21:08:24.801 [TestNG-test=Parallel classes-1] INFO  com.business.Tests.Tables_Static - $50.00
21:08:24.923 [TestNG-test=Parallel classes-1] INFO  com.business.Tests.Tables_Static - http://www.jsmith.com
21:08:24.965 [TestNG-test=Parallel classes-1] INFO  com.business.Tests.Tables_Static - edit delete
21:08:24.983 [TestNG-test=Parallel classes-3] INFO  com.business.Utilities.Base - browser closed
21:08:24.993 [TestNG-test=Parallel classes-1] INFO  com.business.Tests.Tables_Static - Bach
21:08:25.010 [TestNG-test=Parallel classes-1] INFO  com.business.Tests.Tables_Static - Frank
21:08:25.027 [TestNG-test=Parallel classes-1] INFO  com.business.Tests.Tables_Static - fbach@yahoo.com
21:08:25.047 [TestNG-test=Parallel classes-1] INFO  com.business.Tests.Tables_Static - $51.00
21:08:25.061 [TestNG-test=Parallel classes-1] INFO  com.business.Tests.Tables_Static - http://www.frank.com
21:08:25.081 [TestNG-test=Parallel classes-1] INFO  com.business.Tests.Tables_Static - edit delete
21:08:25.097 [TestNG-test=Parallel classes-1] INFO  com.business.Tests.Tables_Static - Doe
21:08:25.111 [TestNG-test=Parallel classes-1] INFO  com.business.Tests.Tables_Static - Jason
21:08:25.124 [TestNG-test=Parallel classes-1] INFO  com.business.Tests.Tables_Static - jdoe@hotmail.com
21:08:25.139 [TestNG-test=Parallel classes-1] INFO  com.business.Tests.Tables_Static - $100.00
21:08:25.151 [TestNG-test=Parallel classes-1] INFO  com.business.Tests.Tables_Static - http://www.jdoe.com
21:08:25.167 [TestNG-test=Parallel classes-1] INFO  com.business.Tests.Tables_Static - edit delete
21:08:25.181 [TestNG-test=Parallel classes-1] INFO  com.business.Tests.Tables_Static - Conway
21:08:25.195 [TestNG-test=Parallel classes-1] INFO  com.business.Tests.Tables_Static - Tim
21:08:25.209 [TestNG-test=Parallel classes-1] INFO  com.business.Tests.Tables_Static - tconway@earthlink.net
21:08:25.224 [TestNG-test=Parallel classes-1] INFO  com.business.Tests.Tables_Static - $50.00
21:08:25.238 [TestNG-test=Parallel classes-1] INFO  com.business.Tests.Tables_Static - http://www.timconway.com
21:08:25.252 [TestNG-test=Parallel classes-1] INFO  com.business.Tests.Tables_Static - edit delete
21:08:25.391 [TestNG-test=Parallel classes-1] INFO  com.business.Utilities.Base - browser closed
21:08:27.836 [TestNG-test=Parallel classes-1] INFO  com.business.Utilities.Base - chrome launched
21:08:28.904 [TestNG-test=Parallel classes-1] INFO  com.business.Utilities.Base - browser closed
21:08:31.193 [TestNG-test=Parallel classes-1] INFO  com.business.Utilities.Base - chrome launched
21:08:32.044 [TestNG-test=Parallel classes-1] INFO  com.business.Tests.Tables_Static - Last Name
21:08:32.059 [TestNG-test=Parallel classes-1] INFO  com.business.Tests.Tables_Static - First Name
21:08:32.073 [TestNG-test=Parallel classes-1] INFO  com.business.Tests.Tables_Static - Email
21:08:32.088 [TestNG-test=Parallel classes-1] INFO  com.business.Tests.Tables_Static - Due
21:08:32.099 [TestNG-test=Parallel classes-1] INFO  com.business.Tests.Tables_Static - Web Site
21:08:32.111 [TestNG-test=Parallel classes-1] INFO  com.business.Tests.Tables_Static - Action
21:08:32.244 [TestNG-test=Parallel classes-1] INFO  com.business.Utilities.Base - browser closed
21:08:34.475 [TestNG-test=Parallel classes-1] INFO  com.business.Utilities.Base - chrome launched
21:08:35.440 [TestNG-test=Parallel classes-1] INFO  com.business.Tests.Tables_Static - Smith John jsmith@gmail.com $50.00 http://www.jsmith.com edit delete
21:08:35.453 [TestNG-test=Parallel classes-1] INFO  com.business.Tests.Tables_Static - Bach Frank fbach@yahoo.com $51.00 http://www.frank.com edit delete
21:08:35.474 [TestNG-test=Parallel classes-1] INFO  com.business.Tests.Tables_Static - Doe Jason jdoe@hotmail.com $100.00 http://www.jdoe.com edit delete
21:08:35.489 [TestNG-test=Parallel classes-1] INFO  com.business.Tests.Tables_Static - Conway Tim tconway@earthlink.net $50.00 http://www.timconway.com edit delete
21:08:35.498 [TestNG-test=Parallel classes-1] INFO  com.business.Tests.Tables_Static - Doe Jason jdoe@hotmail.com $100.00 http://www.jdoe.com edit delete
21:08:35.638 [TestNG-test=Parallel classes-1] INFO  com.business.Utilities.Base - browser closed
21:08:37.915 [TestNG-test=Parallel classes-1] INFO  com.business.Utilities.Base - chrome launched
21:08:38.922 [TestNG-test=Parallel classes-1] INFO  com.business.Tests.Tables_Static - John
21:08:38.938 [TestNG-test=Parallel classes-1] INFO  com.business.Tests.Tables_Static - Frank
21:08:38.958 [TestNG-test=Parallel classes-1] INFO  com.business.Tests.Tables_Static - Jason
21:08:38.974 [TestNG-test=Parallel classes-1] INFO  com.business.Tests.Tables_Static - Tim
21:08:39.102 [TestNG-test=Parallel classes-1] INFO  com.business.Utilities.Base - browser closed
21:08:41.404 [TestNG-test=Parallel classes-1] INFO  com.business.Utilities.Base - chrome launched
21:08:42.361 [TestNG-test=Parallel classes-1] INFO  com.business.Tests.Tables_Static - Email
21:08:42.500 [TestNG-test=Parallel classes-1] INFO  com.business.Utilities.Base - browser closed
21:08:44.790 [TestNG-test=Parallel classes-1] INFO  com.business.Utilities.Base - chrome launched
21:08:45.713 [TestNG-test=Parallel classes-1] INFO  com.business.Utilities.Base - browser closed
21:08:48.055 [TestNG-test=Parallel classes-1] INFO  com.business.Utilities.Base - chrome launched
21:08:48.943 [TestNG-test=Parallel classes-1] INFO  com.business.Utilities.Base - browser closed
21:11:48.761 [TestNG-test=group Smoke-2] INFO  com.business.Utilities.Base - firefox launched
21:11:48.761 [TestNG-test=group Smoke-1] INFO  com.business.Utilities.Base - firefox launched
21:12:00.356 [TestNG-test=group Smoke-2] INFO  com.business.Utilities.Base - browser closed
21:12:00.481 [TestNG-test=group Smoke-2] INFO  com.business.Utilities.Base - firefox launched
21:12:00.496 [TestNG-test=group Smoke-2] INFO  com.business.Utilities.Base - firefox launched
21:12:01.713 [TestNG-test=group Smoke-1] INFO  com.business.Utilities.Base - browser closed
21:12:46.823 [TestNG-test=group Smoke-2] INFO  com.business.Utilities.Base - firefox launched
21:12:46.823 [TestNG-test=group Smoke-1] INFO  com.business.Utilities.Base - firefox launched
21:12:55.840 [TestNG-test=group Smoke-2] INFO  com.business.Utilities.Base - browser closed
21:12:55.965 [TestNG-test=group Smoke-2] INFO  com.business.Utilities.Base - firefox launched
21:12:55.972 [TestNG-test=group Smoke-2] INFO  com.business.Utilities.Base - firefox launched
21:12:57.232 [TestNG-test=group Smoke-1] INFO  com.business.Utilities.Base - browser closed
21:13:54.123 [TestNG-test=group Smoke-1] INFO  com.business.Utilities.Base - chrome launched
21:13:54.143 [TestNG-test=group Smoke-2] INFO  com.business.Utilities.Base - chrome launched
21:14:05.866 [TestNG-test=group Smoke-2] INFO  com.business.Utilities.Base - browser closed
21:14:08.825 [TestNG-test=group Smoke-1] INFO  com.business.Utilities.Base - browser closed
21:14:09.024 [TestNG-test=group Smoke-2] INFO  com.business.Utilities.Base - chrome launched
21:14:10.083 [TestNG-test=group Smoke-2] INFO  com.business.Utilities.Base - browser closed
21:14:12.686 [TestNG-test=group Smoke-2] INFO  com.business.Utilities.Base - chrome launched
21:14:13.852 [TestNG-test=group Smoke-2] INFO  com.business.Utilities.Base - browser closed
21:18:31.854 [TestNG-test=group Smoke-2] INFO  com.business.Utilities.Base - chrome launched
21:18:31.854 [TestNG-test=group Smoke-1] INFO  com.business.Utilities.Base - chrome launched
21:18:42.691 [TestNG-test=group Smoke-2] INFO  com.business.Utilities.Base - browser closed
21:18:45.695 [TestNG-test=group Smoke-2] INFO  com.business.Utilities.Base - chrome launched
21:18:46.426 [TestNG-test=group Smoke-1] INFO  com.business.Utilities.Base - browser closed
21:18:47.193 [TestNG-test=group Smoke-2] INFO  com.business.Utilities.Base - browser closed
21:18:50.166 [TestNG-test=group Smoke-2] INFO  com.business.Utilities.Base - chrome launched
21:18:51.407 [TestNG-test=group Smoke-2] INFO  com.business.Utilities.Base - browser closed
21:19:50.984 [TestNG-test=Regression groups-1] INFO  com.business.Utilities.Base - chrome launched
21:19:50.998 [TestNG-test=Regression groups-2] INFO  com.business.Utilities.Base - chrome launched
21:19:51.290 [TestNG-test=Regression groups-3] INFO  com.business.Utilities.Base - chrome launched
21:20:06.944 [TestNG-test=Regression groups-2] INFO  com.business.Utilities.Base - browser closed
21:20:11.151 [TestNG-test=Regression groups-2] INFO  com.business.Utilities.Base - chrome launched
21:20:12.054 [TestNG-test=Regression groups-1] INFO  com.business.Utilities.Base - browser closed
21:20:12.798 [TestNG-test=Regression groups-2] INFO  com.business.Utilities.Base - browser closed
21:20:13.710 [TestNG-test=Regression groups-3] INFO  com.business.Utilities.Base - browser closed
21:20:16.954 [TestNG-test=Regression groups-1] INFO  com.business.Utilities.Base - chrome launched
21:20:17.314 [TestNG-test=Regression groups-2] INFO  com.business.Utilities.Base - chrome launched
21:20:18.849 [TestNG-test=Regression groups-2] INFO  com.business.Utilities.Base - browser closed
21:20:33.963 [TestNG-test=Regression groups-1] INFO  com.business.Utilities.Base - browser closed
21:22:36.424 [TestNG-test=Regression groups-2] INFO  com.business.Utilities.Base - chrome launched
21:22:36.617 [TestNG-test=Regression groups-3] INFO  com.business.Utilities.Base - chrome launched
21:22:37.222 [TestNG-test=Regression groups-1] INFO  com.business.Utilities.Base - chrome launched
21:22:37.770 [TestNG-test=Regression groups-4] INFO  com.business.Utilities.Base - chrome launched
21:23:01.191 [TestNG-test=Regression groups-2] INFO  com.business.Utilities.Base - browser closed
21:23:03.945 [TestNG-test=Regression groups-1] INFO  com.business.Utilities.Base - browser closed
21:23:07.474 [TestNG-test=Regression groups-2] INFO  com.business.Utilities.Base - chrome launched
21:23:09.166 [TestNG-test=Regression groups-2] INFO  com.business.Utilities.Base - browser closed
21:23:09.905 [TestNG-test=Regression groups-3] INFO  com.business.Utilities.Base - browser closed
21:23:12.296 [TestNG-test=Regression groups-4] INFO  com.business.Utilities.Base - browser closed
21:23:13.048 [TestNG-test=Regression groups-2] INFO  com.business.Utilities.Base - chrome launched
21:23:14.229 [TestNG-test=Regression groups-2] INFO  com.business.Utilities.Base - browser closed
21:24:04.770 [TestNG-test=group Smoke-1] INFO  com.business.Utilities.Base - chrome launched
21:24:04.770 [TestNG-test=group Smoke-2] INFO  com.business.Utilities.Base - chrome launched
21:24:16.268 [TestNG-test=group Smoke-2] INFO  com.business.Utilities.Base - browser closed
21:24:19.275 [TestNG-test=group Smoke-2] INFO  com.business.Utilities.Base - chrome launched
21:24:19.841 [TestNG-test=group Smoke-1] INFO  com.business.Utilities.Base - browser closed
21:24:20.463 [TestNG-test=group Smoke-2] INFO  com.business.Utilities.Base - browser closed
21:24:23.183 [TestNG-test=group Smoke-2] INFO  com.business.Utilities.Base - chrome launched
21:24:24.348 [TestNG-test=group Smoke-2] INFO  com.business.Utilities.Base - browser closed
21:25:38.578 [TestNG-test=group Smoke-1] INFO  com.business.Utilities.Base - chrome launched
21:25:47.575 [TestNG-test=group Smoke-1] INFO  com.business.Utilities.Base - browser closed
21:25:50.068 [TestNG-test=group Smoke-1] INFO  com.business.Utilities.Base - chrome launched
21:26:15.504 [TestNG-test=group Smoke-1] INFO  com.business.Utilities.Base - chrome launched
21:26:35.701 [TestNG-test=group Smoke-1] INFO  com.business.Utilities.Base - chrome launched
21:30:18.777 [TestNG-test=group Smoke-1] INFO  com.business.Utilities.Base - chrome launched
21:30:18.777 [TestNG-test=group Smoke-2] INFO  com.business.Utilities.Base - chrome launched
21:30:29.381 [TestNG-test=group Smoke-2] INFO  com.business.Utilities.Base - browser closed
21:30:32.121 [TestNG-test=group Smoke-2] INFO  com.business.Utilities.Base - chrome launched
21:30:33.119 [TestNG-test=group Smoke-1] INFO  com.business.Utilities.Base - browser closed
21:30:33.331 [TestNG-test=group Smoke-2] INFO  com.business.Utilities.Base - browser closed
21:30:35.964 [TestNG-test=group Smoke-2] INFO  com.business.Utilities.Base - chrome launched
21:30:37.119 [TestNG-test=group Smoke-2] INFO  com.business.Utilities.Base - browser closed
21:51:03.496 [TestNG-test=group Smoke-2] INFO  com.business.Utilities.Base - chrome launched
21:51:03.496 [TestNG-test=group Smoke-1] INFO  com.business.Utilities.Base - chrome launched
21:51:13.498 [TestNG-test=group Smoke-2] INFO  com.business.Utilities.Base - browser closed
21:51:15.776 [TestNG-test=group Smoke-2] INFO  com.business.Utilities.Base - chrome launched
21:51:16.714 [TestNG-test=group Smoke-2] INFO  com.business.Utilities.Base - browser closed
21:51:17.262 [TestNG-test=group Smoke-1] INFO  com.business.Utilities.Base - browser closed
21:51:18.820 [TestNG-test=group Smoke-2] INFO  com.business.Utilities.Base - chrome launched
21:51:19.885 [TestNG-test=group Smoke-2] INFO  com.business.Utilities.Base - browser closed
22:25:20.044 [TestNG-test=group Smoke-1] INFO  com.business.Utilities.Base - chrome launched
22:25:20.044 [TestNG-test=group Smoke-2] INFO  com.business.Utilities.Base - chrome launched
22:25:29.924 [TestNG-test=group Smoke-2] INFO  com.business.Utilities.Base - browser closed
22:25:31.124 [TestNG-test=group Smoke-1] INFO  com.business.Utilities.Base - browser closed
22:25:32.359 [TestNG-test=group Smoke-2] INFO  com.business.Utilities.Base - chrome launched
22:25:33.228 [TestNG-test=group Smoke-2] INFO  com.business.Utilities.Base - browser closed
22:25:35.384 [TestNG-test=group Smoke-2] INFO  com.business.Utilities.Base - chrome launched
22:25:36.496 [TestNG-test=group Smoke-2] INFO  com.business.Utilities.Base - browser closed
22:26:20.248 [TestNG-test=Regression groups-4] INFO  com.business.Utilities.Base - chrome launched
22:26:20.289 [TestNG-test=Regression groups-2] INFO  com.business.Utilities.Base - chrome launched
22:26:20.322 [TestNG-test=Regression groups-3] INFO  com.business.Utilities.Base - chrome launched
22:26:20.336 [TestNG-test=Regression groups-1] INFO  com.business.Utilities.Base - chrome launched
22:26:35.615 [TestNG-test=Regression groups-2] INFO  com.business.Utilities.Base - browser closed
22:26:36.913 [TestNG-test=Regression groups-3] INFO  com.business.Utilities.Base - browser closed
22:26:37.548 [TestNG-test=Regression groups-1] INFO  com.business.Utilities.Base - browser closed
22:26:39.299 [TestNG-test=Regression groups-2] INFO  com.business.Utilities.Base - chrome launched
22:26:40.269 [TestNG-test=Regression groups-2] INFO  com.business.Utilities.Base - browser closed
22:26:42.339 [TestNG-test=Regression groups-2] INFO  com.business.Utilities.Base - chrome launched
22:26:43.566 [TestNG-test=Regression groups-2] INFO  com.business.Utilities.Base - browser closed
22:26:44.328 [TestNG-test=Regression groups-4] INFO  com.business.Utilities.Base - browser closed
